# JRE version: OpenJDK Runtime Environment (11.0.15) (build 11.0.15+0-b2043.56-8887301)
# Java VM: OpenJDK 64-Bit Server VM (11.0.15+0-b2043.56-8887301, mixed mode, tiered, compressed oops, g1 gc, windows-amd64)
Heap:
 garbage-first heap   total 229376K, used 127033K [0x0000000080000000, 0x0000000100000000)
  region size 1024K, 22 young (22528K), 4 survivors (4096K)
 Metaspace       used 119775K, capacity 123511K, committed 123876K, reserved 1157120K
  class space    used 15510K, capacity 17031K, committed 17100K, reserved 1048576K
GC Heap History (20 events):
Event: 23.639 GC heap before
{Heap before GC invocations=20 (full 0):
 garbage-first heap   total 190464K, used 153600K [0x0000000080000000, 0x0000000100000000)
  region size 1024K, 87 young (89088K), 12 survivors (12288K)
 Metaspace       used 87324K, capacity 89654K, committed 89736K, reserved 1126400K
  class space    used 11415K, capacity 12283K, committed 12364K, reserved 1048576K
}
Event: 23.678 GC heap after
{Heap after GC invocations=21 (full 0):
 garbage-first heap   total 229376K, used 86016K [0x0000000080000000, 0x0000000100000000)
  region size 1024K, 9 young (9216K), 9 survivors (9216K)
 Metaspace       used 87324K, capacity 89654K, committed 89736K, reserved 1126400K
  class space    used 11415K, capacity 12283K, committed 12364K, reserved 1048576K
}
Event: 26.147 GC heap before
{Heap before GC invocations=21 (full 0):
 garbage-first heap   total 229376K, used 175104K [0x0000000080000000, 0x0000000100000000)
  region size 1024K, 95 young (97280K), 9 survivors (9216K)
 Metaspace       used 91011K, capacity 93536K, committed 93832K, reserved 1130496K
  class space    used 11791K, capacity 12762K, committed 12876K, reserved 1048576K
}
Event: 26.171 GC heap after
{Heap after GC invocations=22 (full 0):
 garbage-first heap   total 229376K, used 97648K [0x0000000080000000, 0x0000000100000000)
  region size 1024K, 12 young (12288K), 12 survivors (12288K)
 Metaspace       used 91011K, capacity 93536K, committed 93832K, reserved 1130496K
  class space    used 11791K, capacity 12762K, committed 12876K, reserved 1048576K
}
Event: 28.507 GC heap before
{Heap before GC invocations=22 (full 0):
 garbage-first heap   total 229376K, used 192880K [0x0000000080000000, 0x0000000100000000)
  region size 1024K, 91 young (93184K), 12 survivors (12288K)
 Metaspace       used 97211K, capacity 99822K, committed 99976K, reserved 1136640K
  class space    used 12519K, capacity 13560K, committed 13644K, reserved 1048576K
}
Event: 28.534 GC heap after
{Heap after GC invocations=23 (full 0):
 garbage-first heap   total 229376K, used 94535K [0x0000000080000000, 0x0000000100000000)
  region size 1024K, 4 young (4096K), 4 survivors (4096K)
 Metaspace       used 97211K, capacity 99822K, committed 99976K, reserved 1136640K
  class space    used 12519K, capacity 13560K, committed 13644K, reserved 1048576K
}
Event: 31.611 GC heap before
{Heap before GC invocations=23 (full 0):
 garbage-first heap   total 229376K, used 178503K [0x0000000080000000, 0x0000000100000000)
  region size 1024K, 87 young (89088K), 4 survivors (4096K)
 Metaspace       used 99791K, capacity 102433K, committed 102536K, reserved 1138688K
  class space    used 12793K, capacity 13830K, committed 13900K, reserved 1048576K
}
Event: 31.628 GC heap after
{Heap after GC invocations=24 (full 0):
 garbage-first heap   total 229376K, used 100034K [0x0000000080000000, 0x0000000100000000)
  region size 1024K, 9 young (9216K), 9 survivors (9216K)
 Metaspace       used 99791K, capacity 102433K, committed 102536K, reserved 1138688K
  class space    used 12793K, capacity 13830K, committed 13900K, reserved 1048576K
}
Event: 33.445 GC heap before
{Heap before GC invocations=24 (full 0):
 garbage-first heap   total 229376K, used 181954K [0x0000000080000000, 0x0000000100000000)
  region size 1024K, 90 young (92160K), 9 survivors (9216K)
 Metaspace       used 104014K, capacity 106726K, committed 106888K, reserved 1142784K
  class space    used 13306K, capacity 14359K, committed 14412K, reserved 1048576K
}
Event: 33.469 GC heap after
{Heap after GC invocations=25 (full 0):
 garbage-first heap   total 229376K, used 103903K [0x0000000080000000, 0x0000000100000000)
  region size 1024K, 5 young (5120K), 5 survivors (5120K)
 Metaspace       used 104014K, capacity 106726K, committed 106888K, reserved 1142784K
  class space    used 13306K, capacity 14359K, committed 14412K, reserved 1048576K
}
Event: 35.631 GC heap before
{Heap before GC invocations=25 (full 0):
 garbage-first heap   total 229376K, used 184799K [0x0000000080000000, 0x0000000100000000)
  region size 1024K, 85 young (87040K), 5 survivors (5120K)
 Metaspace       used 114297K, capacity 117810K, committed 118152K, reserved 1150976K
  class space    used 14928K, capacity 16331K, committed 16460K, reserved 1048576K
}
Event: 35.652 GC heap after
{Heap after GC invocations=26 (full 0):
 garbage-first heap   total 229376K, used 108772K [0x0000000080000000, 0x0000000100000000)
  region size 1024K, 10 young (10240K), 10 survivors (10240K)
 Metaspace       used 114297K, capacity 117810K, committed 118152K, reserved 1150976K
  class space    used 14928K, capacity 16331K, committed 16460K, reserved 1048576K
}
Event: 37.650 GC heap before
{Heap before GC invocations=26 (full 0):
 garbage-first heap   total 229376K, used 185572K [0x0000000080000000, 0x0000000100000000)
  region size 1024K, 86 young (88064K), 10 survivors (10240K)
 Metaspace       used 119222K, capacity 123002K, committed 123108K, reserved 1155072K
  class space    used 15535K, capacity 17082K, committed 17100K, reserved 1048576K
}
Event: 37.673 GC heap after
{Heap after GC invocations=27 (full 0):
 garbage-first heap   total 229376K, used 109470K [0x0000000080000000, 0x0000000100000000)
  region size 1024K, 6 young (6144K), 6 survivors (6144K)
 Metaspace       used 119222K, capacity 123002K, committed 123108K, reserved 1155072K
  class space    used 15535K, capacity 17082K, committed 17100K, reserved 1048576K
}
Event: 37.700 GC heap before
{Heap before GC invocations=27 (full 0):
 garbage-first heap   total 229376K, used 111518K [0x0000000080000000, 0x0000000100000000)
  region size 1024K, 9 young (9216K), 6 survivors (6144K)
 Metaspace       used 119239K, capacity 123002K, committed 123108K, reserved 1155072K
  class space    used 15535K, capacity 17082K, committed 17100K, reserved 1048576K
}
Event: 37.717 GC heap after
{Heap after GC invocations=28 (full 0):
 garbage-first heap   total 229376K, used 109024K [0x0000000080000000, 0x0000000100000000)
  region size 1024K, 6 young (6144K), 6 survivors (6144K)
 Metaspace       used 119239K, capacity 123002K, committed 123108K, reserved 1155072K
  class space    used 15535K, capacity 17082K, committed 17100K, reserved 1048576K
}
Event: 38.939 GC heap before
{Heap before GC invocations=29 (full 0):
 garbage-first heap   total 229376K, used 161248K [0x0000000080000000, 0x0000000100000000)
  region size 1024K, 57 young (58368K), 6 survivors (6144K)
 Metaspace       used 119434K, capacity 123140K, committed 123364K, reserved 1155072K
  class space    used 15507K, capacity 17026K, committed 17100K, reserved 1048576K
}
Event: 38.955 GC heap after
{Heap after GC invocations=30 (full 0):
 garbage-first heap   total 229376K, used 108844K [0x0000000080000000, 0x0000000100000000)
  region size 1024K, 3 young (3072K), 3 survivors (3072K)
 Metaspace       used 119434K, capacity 123140K, committed 123364K, reserved 1155072K
  class space    used 15507K, capacity 17026K, committed 17100K, reserved 1048576K
}
Event: 39.573 GC heap before
{Heap before GC invocations=30 (full 0):
 garbage-first heap   total 229376K, used 166188K [0x0000000080000000, 0x0000000100000000)
  region size 1024K, 59 young (60416K), 3 survivors (3072K)
 Metaspace       used 119745K, capacity 123509K, committed 123876K, reserved 1157120K
  class space    used 15510K, capacity 17031K, committed 17100K, reserved 1048576K
}
Event: 39.584 GC heap after
{Heap after GC invocations=31 (full 0):
 garbage-first heap   total 229376K, used 109625K [0x0000000080000000, 0x0000000100000000)
  region size 1024K, 4 young (4096K), 4 survivors (4096K)
 Metaspace       used 119745K, capacity 123509K, committed 123876K, reserved 1157120K
  class space    used 15510K, capacity 17031K, committed 17100K, reserved 1048576K
}

